2022-02-19 12:11:15,687:INFO:PyCaret Supervised Module
2022-02-19 12:11:15,688:INFO:ML Usecase: classification
2022-02-19 12:11:15,688:INFO:version 2.3.6
2022-02-19 12:11:15,688:INFO:Initializing setup()
2022-02-19 12:11:15,689:INFO:setup(target=Churn, ml_usecase=classification, available_plots={'parameter': 'Hyperparameters', 'auc': 'AUC', 'confusion_matrix': 'Confusion Matrix', 'threshold': 'Threshold', 'pr': 'Precision Recall', 'error': 'Prediction Error', 'class_report': 'Class Report', 'rfe': 'Feature Selection', 'learning': 'Learning Curve', 'manifold': 'Manifold Learning', 'calibration': 'Calibration Curve', 'vc': 'Validation Curve', 'dimension': 'Dimensions', 'feature': 'Feature Importance', 'feature_all': 'Feature Importance (All)', 'boundary': 'Decision Boundary', 'lift': 'Lift Chart', 'gain': 'Gain Chart', 'tree': 'Decision Tree', 'ks': 'KS Statistic Plot'}, train_size=0.7, test_data=None, preprocess=True, imputation_type=simple, iterative_imputation_iters=5, categorical_features=None, categorical_imputation=constant, categorical_iterative_imputer=lightgbm, ordinal_features=None, high_cardinality_features=None, high_cardinality_method=frequency, numeric_features=None, numeric_imputation=mean, numeric_iterative_imputer=lightgbm, date_features=None, ignore_features=None, normalize=False, normalize_method=zscore, transformation=False, transformation_method=yeo-johnson, handle_unknown_categorical=True, unknown_categorical_method=least_frequent, pca=False, pca_method=linear, pca_components=None, ignore_low_variance=False, combine_rare_levels=False, rare_level_threshold=0.1, bin_numeric_features=None, remove_outliers=False, outliers_threshold=0.05, remove_multicollinearity=False, multicollinearity_threshold=0.9, remove_perfect_collinearity=True, create_clusters=False, cluster_iter=20, polynomial_features=False, polynomial_degree=2, trigonometry_features=False, polynomial_threshold=0.1, group_features=None, group_names=None, feature_selection=False, feature_selection_threshold=0.8, feature_selection_method=classic, feature_interaction=False, feature_ratio=False, interaction_threshold=0.01, fix_imbalance=False, fix_imbalance_method=None, transform_target=False, transform_target_method=box-cox, data_split_shuffle=True, data_split_stratify=False, fold_strategy=stratifiedkfold, fold=10, fold_shuffle=False, fold_groups=None, n_jobs=-1, use_gpu=False, custom_pipeline=None, html=True, session_id=123, log_experiment=False, experiment_name=None, log_plots=False, log_profile=False, log_data=False, silent=False, verbose=True, profile=False, profile_kwargs=None, display=None)
2022-02-19 12:11:15,690:INFO:Checking environment
2022-02-19 12:11:15,691:INFO:python_version: 3.8.8
2022-02-19 12:11:15,691:INFO:python_build: ('default', 'Apr 13 2021 15:08:03')
2022-02-19 12:11:15,691:INFO:machine: AMD64
2022-02-19 12:11:15,691:INFO:platform: Windows-10-10.0.19041-SP0
2022-02-19 12:11:15,692:INFO:Memory: svmem(total=16969424896, available=6052257792, percent=64.3, used=10917167104, free=6052257792)
2022-02-19 12:11:15,692:INFO:Physical Core: 4
2022-02-19 12:11:15,692:INFO:Logical Core: 8
2022-02-19 12:11:15,692:INFO:Checking libraries
2022-02-19 12:11:15,692:INFO:pd==1.2.4
2022-02-19 12:11:15,692:INFO:numpy==1.19.5
2022-02-19 12:11:15,692:INFO:sklearn==0.23.2
2022-02-19 12:11:15,692:INFO:lightgbm==3.3.2
2022-02-19 12:11:15,792:INFO:catboost==1.0.4
2022-02-19 12:11:15,859:INFO:xgboost==1.5.2
2022-02-19 12:11:16,516:INFO:mlflow==1.23.1
2022-02-19 12:11:16,517:INFO:Checking Exceptions
2022-02-19 12:11:16,517:INFO:Declaring global variables
2022-02-19 12:11:16,517:INFO:USI: 95ef
2022-02-19 12:11:16,518:INFO:pycaret_globals: {'gpu_param', 'create_model_container', 'html_param', '_available_plots', 'fold_groups_param', 'X', 'X_train', 'pycaret_globals', 'seed', 'y', 'stratify_param', 'iterative_imputation_iters_param', 'logging_param', 'imputation_classifier', 'experiment__', '_ml_usecase', 'data_before_preprocess', 'transform_target_method_param', 'log_plots_param', '_gpu_n_jobs_param', 'fold_param', 'prep_pipe', 'fix_imbalance_method_param', 'n_jobs_param', 'master_model_container', 'fix_imbalance_param', 'fold_generator', '_all_metrics', '_all_models_internal', 'USI', 'exp_name_log', '_all_models', 'display_container', 'fold_groups_param_full', 'y_train', '_internal_pipeline', 'fold_shuffle_param', 'X_test', 'y_test', 'imputation_regressor', 'transform_target_param', 'target_param'}
2022-02-19 12:11:16,518:INFO:Preparing display monitor
2022-02-19 12:11:16,518:INFO:Preparing display monitor
2022-02-19 12:11:16,531:INFO:Importing libraries
2022-02-19 12:11:16,531:INFO:Copying data for preprocessing
2022-02-19 12:11:16,540:INFO:Declaring preprocessing parameters
2022-02-19 12:11:16,541:INFO:Creating preprocessing pipeline
2022-02-19 12:11:16,548:INFO:Preprocessing pipeline created successfully
2022-02-19 12:11:16,548:ERROR:(Process Exit): setup has been interupted with user command 'quit'. setup must rerun.
2022-02-19 12:11:16,548:INFO:Creating global containers
2022-02-19 12:11:16,550:INFO:Internal pipeline: Pipeline(memory=None, steps=[('empty_step', 'passthrough')], verbose=False)
2022-02-19 12:11:54,102:INFO:Creating grid variables
2022-02-19 12:11:54,122:INFO:create_model_container: 0
2022-02-19 12:11:54,122:INFO:master_model_container: 0
2022-02-19 12:11:54,122:INFO:display_container: 1
2022-02-19 12:11:54,126:INFO:Pipeline(memory=None,
         steps=[('dtypes',
                 DataTypes_Auto_infer(categorical_features=[],
                                      display_types=True, features_todrop=[],
                                      id_columns=[],
                                      ml_usecase='classification',
                                      numerical_features=[], target='Churn',
                                      time_features=[])),
                ('imputer',
                 Simple_Imputer(categorical_strategy='not_available',
                                fill_value_categorical=None,
                                fill_value_numerical=None,
                                numeric_strate...
                ('scaling', 'passthrough'), ('P_transform', 'passthrough'),
                ('binn', 'passthrough'), ('rem_outliers', 'passthrough'),
                ('cluster_all', 'passthrough'),
                ('dummy', Dummify(target='Churn')),
                ('fix_perfect', Remove_100(target='Churn')),
                ('clean_names', Clean_Colum_Names()),
                ('feature_select', 'passthrough'), ('fix_multi', 'passthrough'),
                ('dfs', 'passthrough'), ('pca', 'passthrough')],
         verbose=False)
2022-02-19 12:11:54,127:INFO:setup() succesfully completed......................................
2022-02-19 12:13:00,186:INFO:Initializing compare_models()
2022-02-19 12:13:00,187:INFO:compare_models(include=None, fold=None, round=4, cross_validation=True, sort=Accuracy, n_select=1, budget_time=None, turbo=True, errors=ignore, fit_kwargs=None, groups=None, probability_threshold=None, verbose=True, display=None, exclude=None)
2022-02-19 12:13:00,187:INFO:Checking exceptions
2022-02-19 12:13:00,188:INFO:Preparing display monitor
2022-02-19 12:13:00,188:INFO:Preparing display monitor
2022-02-19 12:13:00,219:INFO:Initializing Logistic Regression
2022-02-19 12:13:00,219:INFO:Total runtime is 0.0 minutes
2022-02-19 12:13:00,227:INFO:SubProcess create_model() called ==================================
2022-02-19 12:13:00,227:INFO:Initializing create_model()
2022-02-19 12:13:00,228:INFO:create_model(estimator=lr, fold=StratifiedKFold(n_splits=10, random_state=None, shuffle=False), round=4, cross_validation=True, predict=True, fit_kwargs={}, groups=None, refit=False, verbose=False, system=False, metrics=None, add_to_model_list=True, probability_threshold=None, display=<pycaret.internal.Display.Display object at 0x0000022F0AA3A610>, kwargs={})
2022-02-19 12:13:00,228:INFO:Checking exceptions
2022-02-19 12:13:00,229:INFO:Importing libraries
2022-02-19 12:13:00,229:INFO:Copying training dataset
2022-02-19 12:13:00,230:INFO:Defining folds
2022-02-19 12:13:00,230:INFO:Declaring metric variables
2022-02-19 12:13:00,240:INFO:Importing untrained model
2022-02-19 12:13:00,253:INFO:Logistic Regression Imported succesfully
2022-02-19 12:13:00,268:INFO:Starting cross validation
2022-02-19 12:13:00,269:INFO:Cross validating with StratifiedKFold(n_splits=10, random_state=None, shuffle=False), n_jobs=-1
2022-02-19 12:13:04,681:INFO:Calculating mean and std
2022-02-19 12:13:04,682:INFO:Creating metrics dataframe
2022-02-19 12:13:04,685:INFO:Uploading results into container
2022-02-19 12:13:04,685:INFO:Uploading model into container now
2022-02-19 12:13:04,685:INFO:create_model_container: 1
2022-02-19 12:13:04,686:INFO:master_model_container: 1
2022-02-19 12:13:04,686:INFO:display_container: 2
2022-02-19 12:13:04,686:INFO:LogisticRegression(C=1.0, class_weight=None, dual=False, fit_intercept=True,
                   intercept_scaling=1, l1_ratio=None, max_iter=1000,
                   multi_class='auto', n_jobs=None, penalty='l2',
                   random_state=123, solver='lbfgs', tol=0.0001, verbose=0,
                   warm_start=False)
2022-02-19 12:13:04,686:INFO:create_model() succesfully completed......................................
2022-02-19 12:13:04,770:INFO:SubProcess create_model() end ==================================
2022-02-19 12:13:04,770:INFO:Creating metrics dataframe
2022-02-19 12:13:04,784:INFO:Initializing K Neighbors Classifier
2022-02-19 12:13:04,785:INFO:Total runtime is 0.076109512646993 minutes
2022-02-19 12:13:04,793:INFO:SubProcess create_model() called ==================================
2022-02-19 12:13:04,793:INFO:Initializing create_model()
2022-02-19 12:13:04,793:INFO:create_model(estimator=knn, fold=StratifiedKFold(n_splits=10, random_state=None, shuffle=False), round=4, cross_validation=True, predict=True, fit_kwargs={}, groups=None, refit=False, verbose=False, system=False, metrics=None, add_to_model_list=True, probability_threshold=None, display=<pycaret.internal.Display.Display object at 0x0000022F0AA3A610>, kwargs={})
2022-02-19 12:13:04,793:INFO:Checking exceptions
2022-02-19 12:13:04,793:INFO:Importing libraries
2022-02-19 12:13:04,793:INFO:Copying training dataset
2022-02-19 12:13:04,795:INFO:Defining folds
2022-02-19 12:13:04,795:INFO:Declaring metric variables
2022-02-19 12:13:04,803:INFO:Importing untrained model
2022-02-19 12:13:04,812:INFO:K Neighbors Classifier Imported succesfully
2022-02-19 12:13:04,831:INFO:Starting cross validation
2022-02-19 12:13:04,831:INFO:Cross validating with StratifiedKFold(n_splits=10, random_state=None, shuffle=False), n_jobs=-1
2022-02-19 12:13:04,966:INFO:Calculating mean and std
2022-02-19 12:13:04,966:INFO:Creating metrics dataframe
2022-02-19 12:13:04,969:INFO:Uploading results into container
2022-02-19 12:13:04,969:INFO:Uploading model into container now
2022-02-19 12:13:04,970:INFO:create_model_container: 2
2022-02-19 12:13:04,970:INFO:master_model_container: 2
2022-02-19 12:13:04,970:INFO:display_container: 2
2022-02-19 12:13:04,970:INFO:KNeighborsClassifier(algorithm='auto', leaf_size=30, metric='minkowski',
                     metric_params=None, n_jobs=-1, n_neighbors=5, p=2,
                     weights='uniform')
2022-02-19 12:13:04,970:INFO:create_model() succesfully completed......................................
2022-02-19 12:13:05,042:INFO:SubProcess create_model() end ==================================
2022-02-19 12:13:05,042:INFO:Creating metrics dataframe
2022-02-19 12:13:05,056:INFO:Initializing Naive Bayes
2022-02-19 12:13:05,056:INFO:Total runtime is 0.08062932491302491 minutes
2022-02-19 12:13:05,063:INFO:SubProcess create_model() called ==================================
2022-02-19 12:13:05,064:INFO:Initializing create_model()
2022-02-19 12:13:05,064:INFO:create_model(estimator=nb, fold=StratifiedKFold(n_splits=10, random_state=None, shuffle=False), round=4, cross_validation=True, predict=True, fit_kwargs={}, groups=None, refit=False, verbose=False, system=False, metrics=None, add_to_model_list=True, probability_threshold=None, display=<pycaret.internal.Display.Display object at 0x0000022F0AA3A610>, kwargs={})
2022-02-19 12:13:05,064:INFO:Checking exceptions
2022-02-19 12:13:05,064:INFO:Importing libraries
2022-02-19 12:13:05,064:INFO:Copying training dataset
2022-02-19 12:13:05,065:INFO:Defining folds
2022-02-19 12:13:05,065:INFO:Declaring metric variables
2022-02-19 12:13:05,075:INFO:Importing untrained model
2022-02-19 12:13:05,085:INFO:Naive Bayes Imported succesfully
2022-02-19 12:13:05,100:INFO:Starting cross validation
2022-02-19 12:13:05,100:INFO:Cross validating with StratifiedKFold(n_splits=10, random_state=None, shuffle=False), n_jobs=-1
2022-02-19 12:13:05,152:INFO:Calculating mean and std
2022-02-19 12:13:05,153:INFO:Creating metrics dataframe
2022-02-19 12:13:05,156:INFO:Uploading results into container
2022-02-19 12:13:05,156:INFO:Uploading model into container now
2022-02-19 12:13:05,156:INFO:create_model_container: 3
2022-02-19 12:13:05,156:INFO:master_model_container: 3
2022-02-19 12:13:05,156:INFO:display_container: 2
2022-02-19 12:13:05,158:INFO:GaussianNB(priors=None, var_smoothing=1e-09)
2022-02-19 12:13:05,158:INFO:create_model() succesfully completed......................................
2022-02-19 12:13:05,230:INFO:SubProcess create_model() end ==================================
2022-02-19 12:13:05,230:INFO:Creating metrics dataframe
2022-02-19 12:13:05,245:INFO:Initializing Decision Tree Classifier
2022-02-19 12:13:05,245:INFO:Total runtime is 0.08378156820933025 minutes
2022-02-19 12:13:05,256:INFO:SubProcess create_model() called ==================================
2022-02-19 12:13:05,256:INFO:Initializing create_model()
2022-02-19 12:13:05,256:INFO:create_model(estimator=dt, fold=StratifiedKFold(n_splits=10, random_state=None, shuffle=False), round=4, cross_validation=True, predict=True, fit_kwargs={}, groups=None, refit=False, verbose=False, system=False, metrics=None, add_to_model_list=True, probability_threshold=None, display=<pycaret.internal.Display.Display object at 0x0000022F0AA3A610>, kwargs={})
2022-02-19 12:13:05,256:INFO:Checking exceptions
2022-02-19 12:13:05,257:INFO:Importing libraries
2022-02-19 12:13:05,257:INFO:Copying training dataset
2022-02-19 12:13:05,258:INFO:Defining folds
2022-02-19 12:13:05,258:INFO:Declaring metric variables
2022-02-19 12:13:05,269:INFO:Importing untrained model
2022-02-19 12:13:05,279:INFO:Decision Tree Classifier Imported succesfully
2022-02-19 12:13:05,298:INFO:Starting cross validation
2022-02-19 12:13:05,298:INFO:Cross validating with StratifiedKFold(n_splits=10, random_state=None, shuffle=False), n_jobs=-1
2022-02-19 12:13:05,362:INFO:Calculating mean and std
2022-02-19 12:13:05,363:INFO:Creating metrics dataframe
2022-02-19 12:13:05,366:INFO:Uploading results into container
2022-02-19 12:13:05,366:INFO:Uploading model into container now
2022-02-19 12:13:05,366:INFO:create_model_container: 4
2022-02-19 12:13:05,366:INFO:master_model_container: 4
2022-02-19 12:13:05,366:INFO:display_container: 2
2022-02-19 12:13:05,366:INFO:DecisionTreeClassifier(ccp_alpha=0.0, class_weight=None, criterion='gini',
                       max_depth=None, max_features=None, max_leaf_nodes=None,
                       min_impurity_decrease=0.0, min_impurity_split=None,
                       min_samples_leaf=1, min_samples_split=2,
                       min_weight_fraction_leaf=0.0, presort='deprecated',
                       random_state=123, splitter='best')
2022-02-19 12:13:05,366:INFO:create_model() succesfully completed......................................
2022-02-19 12:13:05,436:INFO:SubProcess create_model() end ==================================
2022-02-19 12:13:05,436:INFO:Creating metrics dataframe
2022-02-19 12:13:05,450:INFO:Initializing SVM - Linear Kernel
2022-02-19 12:13:05,450:INFO:Total runtime is 0.0871848742167155 minutes
2022-02-19 12:13:05,459:INFO:SubProcess create_model() called ==================================
2022-02-19 12:13:05,459:INFO:Initializing create_model()
2022-02-19 12:13:05,460:INFO:create_model(estimator=svm, fold=StratifiedKFold(n_splits=10, random_state=None, shuffle=False), round=4, cross_validation=True, predict=True, fit_kwargs={}, groups=None, refit=False, verbose=False, system=False, metrics=None, add_to_model_list=True, probability_threshold=None, display=<pycaret.internal.Display.Display object at 0x0000022F0AA3A610>, kwargs={})
2022-02-19 12:13:05,460:INFO:Checking exceptions
2022-02-19 12:13:05,460:INFO:Importing libraries
2022-02-19 12:13:05,460:INFO:Copying training dataset
2022-02-19 12:13:05,461:INFO:Defining folds
2022-02-19 12:13:05,461:INFO:Declaring metric variables
2022-02-19 12:13:05,471:INFO:Importing untrained model
2022-02-19 12:13:05,481:INFO:SVM - Linear Kernel Imported succesfully
2022-02-19 12:13:05,494:INFO:Starting cross validation
2022-02-19 12:13:05,495:INFO:Cross validating with StratifiedKFold(n_splits=10, random_state=None, shuffle=False), n_jobs=-1
2022-02-19 12:13:05,589:INFO:Calculating mean and std
2022-02-19 12:13:05,589:INFO:Creating metrics dataframe
2022-02-19 12:13:05,594:INFO:Uploading results into container
2022-02-19 12:13:05,594:INFO:Uploading model into container now
2022-02-19 12:13:05,594:INFO:create_model_container: 5
2022-02-19 12:13:05,594:INFO:master_model_container: 5
2022-02-19 12:13:05,594:INFO:display_container: 2
2022-02-19 12:13:05,595:INFO:SGDClassifier(alpha=0.0001, average=False, class_weight=None,
              early_stopping=False, epsilon=0.1, eta0=0.001, fit_intercept=True,
              l1_ratio=0.15, learning_rate='optimal', loss='hinge',
              max_iter=1000, n_iter_no_change=5, n_jobs=-1, penalty='l2',
              power_t=0.5, random_state=123, shuffle=True, tol=0.001,
              validation_fraction=0.1, verbose=0, warm_start=False)
2022-02-19 12:13:05,595:INFO:create_model() succesfully completed......................................
2022-02-19 12:13:05,663:INFO:SubProcess create_model() end ==================================
2022-02-19 12:13:05,663:INFO:Creating metrics dataframe
2022-02-19 12:13:05,677:INFO:Initializing Ridge Classifier
2022-02-19 12:13:05,677:INFO:Total runtime is 0.09098092714945476 minutes
2022-02-19 12:13:05,683:INFO:SubProcess create_model() called ==================================
2022-02-19 12:13:05,683:INFO:Initializing create_model()
2022-02-19 12:13:05,683:INFO:create_model(estimator=ridge, fold=StratifiedKFold(n_splits=10, random_state=None, shuffle=False), round=4, cross_validation=True, predict=True, fit_kwargs={}, groups=None, refit=False, verbose=False, system=False, metrics=None, add_to_model_list=True, probability_threshold=None, display=<pycaret.internal.Display.Display object at 0x0000022F0AA3A610>, kwargs={})
2022-02-19 12:13:05,683:INFO:Checking exceptions
2022-02-19 12:13:05,684:INFO:Importing libraries
2022-02-19 12:13:05,684:INFO:Copying training dataset
2022-02-19 12:13:05,685:INFO:Defining folds
2022-02-19 12:13:05,685:INFO:Declaring metric variables
2022-02-19 12:13:05,694:INFO:Importing untrained model
2022-02-19 12:13:05,702:INFO:Ridge Classifier Imported succesfully
2022-02-19 12:13:05,722:INFO:Starting cross validation
2022-02-19 12:13:05,722:INFO:Cross validating with StratifiedKFold(n_splits=10, random_state=None, shuffle=False), n_jobs=-1
2022-02-19 12:13:05,772:INFO:Calculating mean and std
2022-02-19 12:13:05,773:INFO:Creating metrics dataframe
2022-02-19 12:13:05,777:INFO:Uploading results into container
2022-02-19 12:13:05,778:INFO:Uploading model into container now
2022-02-19 12:13:05,778:INFO:create_model_container: 6
2022-02-19 12:13:05,778:INFO:master_model_container: 6
2022-02-19 12:13:05,778:INFO:display_container: 2
2022-02-19 12:13:05,779:INFO:RidgeClassifier(alpha=1.0, class_weight=None, copy_X=True, fit_intercept=True,
                max_iter=None, normalize=False, random_state=123, solver='auto',
                tol=0.001)
2022-02-19 12:13:05,779:INFO:create_model() succesfully completed......................................
2022-02-19 12:13:05,853:INFO:SubProcess create_model() end ==================================
2022-02-19 12:13:05,853:INFO:Creating metrics dataframe
2022-02-19 12:13:05,868:INFO:Initializing Random Forest Classifier
2022-02-19 12:13:05,868:INFO:Total runtime is 0.09415607849756877 minutes
2022-02-19 12:13:05,877:INFO:SubProcess create_model() called ==================================
2022-02-19 12:13:05,877:INFO:Initializing create_model()
2022-02-19 12:13:05,878:INFO:create_model(estimator=rf, fold=StratifiedKFold(n_splits=10, random_state=None, shuffle=False), round=4, cross_validation=True, predict=True, fit_kwargs={}, groups=None, refit=False, verbose=False, system=False, metrics=None, add_to_model_list=True, probability_threshold=None, display=<pycaret.internal.Display.Display object at 0x0000022F0AA3A610>, kwargs={})
2022-02-19 12:13:05,878:INFO:Checking exceptions
2022-02-19 12:13:05,878:INFO:Importing libraries
2022-02-19 12:13:05,878:INFO:Copying training dataset
2022-02-19 12:13:05,879:INFO:Defining folds
2022-02-19 12:13:05,880:INFO:Declaring metric variables
2022-02-19 12:13:05,890:INFO:Importing untrained model
2022-02-19 12:13:05,898:INFO:Random Forest Classifier Imported succesfully
2022-02-19 12:13:05,913:INFO:Starting cross validation
2022-02-19 12:13:05,913:INFO:Cross validating with StratifiedKFold(n_splits=10, random_state=None, shuffle=False), n_jobs=-1
2022-02-19 12:13:06,939:INFO:Calculating mean and std
2022-02-19 12:13:06,939:INFO:Creating metrics dataframe
2022-02-19 12:13:06,944:INFO:Uploading results into container
2022-02-19 12:13:06,944:INFO:Uploading model into container now
2022-02-19 12:13:06,944:INFO:create_model_container: 7
2022-02-19 12:13:06,944:INFO:master_model_container: 7
2022-02-19 12:13:06,944:INFO:display_container: 2
2022-02-19 12:13:06,945:INFO:RandomForestClassifier(bootstrap=True, ccp_alpha=0.0, class_weight=None,
                       criterion='gini', max_depth=None, max_features='auto',
                       max_leaf_nodes=None, max_samples=None,
                       min_impurity_decrease=0.0, min_impurity_split=None,
                       min_samples_leaf=1, min_samples_split=2,
                       min_weight_fraction_leaf=0.0, n_estimators=100,
                       n_jobs=-1, oob_score=False, random_state=123, verbose=0,
                       warm_start=False)
2022-02-19 12:13:06,945:INFO:create_model() succesfully completed......................................
2022-02-19 12:13:07,019:INFO:SubProcess create_model() end ==================================
2022-02-19 12:13:07,020:INFO:Creating metrics dataframe
2022-02-19 12:13:07,037:INFO:Initializing Quadratic Discriminant Analysis
2022-02-19 12:13:07,037:INFO:Total runtime is 0.11364318529764811 minutes
2022-02-19 12:13:07,048:INFO:SubProcess create_model() called ==================================
2022-02-19 12:13:07,048:INFO:Initializing create_model()
2022-02-19 12:13:07,048:INFO:create_model(estimator=qda, fold=StratifiedKFold(n_splits=10, random_state=None, shuffle=False), round=4, cross_validation=True, predict=True, fit_kwargs={}, groups=None, refit=False, verbose=False, system=False, metrics=None, add_to_model_list=True, probability_threshold=None, display=<pycaret.internal.Display.Display object at 0x0000022F0AA3A610>, kwargs={})
2022-02-19 12:13:07,048:INFO:Checking exceptions
2022-02-19 12:13:07,048:INFO:Importing libraries
2022-02-19 12:13:07,048:INFO:Copying training dataset
2022-02-19 12:13:07,049:INFO:Defining folds
2022-02-19 12:13:07,050:INFO:Declaring metric variables
2022-02-19 12:13:07,058:INFO:Importing untrained model
2022-02-19 12:13:07,066:INFO:Quadratic Discriminant Analysis Imported succesfully
2022-02-19 12:13:07,083:INFO:Starting cross validation
2022-02-19 12:13:07,083:INFO:Cross validating with StratifiedKFold(n_splits=10, random_state=None, shuffle=False), n_jobs=-1
2022-02-19 12:13:07,149:INFO:Calculating mean and std
2022-02-19 12:13:07,149:INFO:Creating metrics dataframe
2022-02-19 12:13:07,154:INFO:Uploading results into container
2022-02-19 12:13:07,154:INFO:Uploading model into container now
2022-02-19 12:13:07,154:INFO:create_model_container: 8
2022-02-19 12:13:07,154:INFO:master_model_container: 8
2022-02-19 12:13:07,154:INFO:display_container: 2
2022-02-19 12:13:07,154:INFO:QuadraticDiscriminantAnalysis(priors=None, reg_param=0.0,
                              store_covariance=False, tol=0.0001)
2022-02-19 12:13:07,154:INFO:create_model() succesfully completed......................................
2022-02-19 12:13:07,228:INFO:SubProcess create_model() end ==================================
2022-02-19 12:13:07,228:INFO:Creating metrics dataframe
2022-02-19 12:13:07,242:INFO:Initializing Ada Boost Classifier
2022-02-19 12:13:07,242:INFO:Total runtime is 0.11705784002939859 minutes
2022-02-19 12:13:07,253:INFO:SubProcess create_model() called ==================================
2022-02-19 12:13:07,254:INFO:Initializing create_model()
2022-02-19 12:13:07,254:INFO:create_model(estimator=ada, fold=StratifiedKFold(n_splits=10, random_state=None, shuffle=False), round=4, cross_validation=True, predict=True, fit_kwargs={}, groups=None, refit=False, verbose=False, system=False, metrics=None, add_to_model_list=True, probability_threshold=None, display=<pycaret.internal.Display.Display object at 0x0000022F0AA3A610>, kwargs={})
2022-02-19 12:13:07,255:INFO:Checking exceptions
2022-02-19 12:13:07,255:INFO:Importing libraries
2022-02-19 12:13:07,256:INFO:Copying training dataset
2022-02-19 12:13:07,257:INFO:Defining folds
2022-02-19 12:13:07,257:INFO:Declaring metric variables
2022-02-19 12:13:07,268:INFO:Importing untrained model
2022-02-19 12:13:07,274:INFO:Ada Boost Classifier Imported succesfully
2022-02-19 12:13:07,291:INFO:Starting cross validation
2022-02-19 12:13:07,292:INFO:Cross validating with StratifiedKFold(n_splits=10, random_state=None, shuffle=False), n_jobs=-1
2022-02-19 12:13:07,707:INFO:Calculating mean and std
2022-02-19 12:13:07,708:INFO:Creating metrics dataframe
2022-02-19 12:13:07,713:INFO:Uploading results into container
2022-02-19 12:13:07,713:INFO:Uploading model into container now
2022-02-19 12:13:07,713:INFO:create_model_container: 9
2022-02-19 12:13:07,713:INFO:master_model_container: 9
2022-02-19 12:13:07,713:INFO:display_container: 2
2022-02-19 12:13:07,714:INFO:AdaBoostClassifier(algorithm='SAMME.R', base_estimator=None, learning_rate=1.0,
                   n_estimators=50, random_state=123)
2022-02-19 12:13:07,714:INFO:create_model() succesfully completed......................................
2022-02-19 12:13:07,790:INFO:SubProcess create_model() end ==================================
2022-02-19 12:13:07,790:INFO:Creating metrics dataframe
2022-02-19 12:13:07,807:INFO:Initializing Gradient Boosting Classifier
2022-02-19 12:13:07,807:INFO:Total runtime is 0.12647735675175983 minutes
2022-02-19 12:13:07,813:INFO:SubProcess create_model() called ==================================
2022-02-19 12:13:07,814:INFO:Initializing create_model()
2022-02-19 12:13:07,814:INFO:create_model(estimator=gbc, fold=StratifiedKFold(n_splits=10, random_state=None, shuffle=False), round=4, cross_validation=True, predict=True, fit_kwargs={}, groups=None, refit=False, verbose=False, system=False, metrics=None, add_to_model_list=True, probability_threshold=None, display=<pycaret.internal.Display.Display object at 0x0000022F0AA3A610>, kwargs={})
2022-02-19 12:13:07,814:INFO:Checking exceptions
2022-02-19 12:13:07,814:INFO:Importing libraries
2022-02-19 12:13:07,814:INFO:Copying training dataset
2022-02-19 12:13:07,816:INFO:Defining folds
2022-02-19 12:13:07,816:INFO:Declaring metric variables
2022-02-19 12:13:07,828:INFO:Importing untrained model
2022-02-19 12:13:07,839:INFO:Gradient Boosting Classifier Imported succesfully
2022-02-19 12:13:07,856:INFO:Starting cross validation
2022-02-19 12:13:07,857:INFO:Cross validating with StratifiedKFold(n_splits=10, random_state=None, shuffle=False), n_jobs=-1
2022-02-19 12:13:08,652:INFO:Calculating mean and std
2022-02-19 12:13:08,653:INFO:Creating metrics dataframe
2022-02-19 12:13:08,659:INFO:Uploading results into container
2022-02-19 12:13:08,659:INFO:Uploading model into container now
2022-02-19 12:13:08,659:INFO:create_model_container: 10
2022-02-19 12:13:08,659:INFO:master_model_container: 10
2022-02-19 12:13:08,659:INFO:display_container: 2
2022-02-19 12:13:08,659:INFO:GradientBoostingClassifier(ccp_alpha=0.0, criterion='friedman_mse', init=None,
                           learning_rate=0.1, loss='deviance', max_depth=3,
                           max_features=None, max_leaf_nodes=None,
                           min_impurity_decrease=0.0, min_impurity_split=None,
                           min_samples_leaf=1, min_samples_split=2,
                           min_weight_fraction_leaf=0.0, n_estimators=100,
                           n_iter_no_change=None, presort='deprecated',
                           random_state=123, subsample=1.0, tol=0.0001,
                           validation_fraction=0.1, verbose=0,
                           warm_start=False)
2022-02-19 12:13:08,659:INFO:create_model() succesfully completed......................................
2022-02-19 12:13:08,729:INFO:SubProcess create_model() end ==================================
2022-02-19 12:13:08,729:INFO:Creating metrics dataframe
2022-02-19 12:13:08,745:INFO:Initializing Linear Discriminant Analysis
2022-02-19 12:13:08,746:INFO:Total runtime is 0.1421212315559387 minutes
2022-02-19 12:13:08,759:INFO:SubProcess create_model() called ==================================
2022-02-19 12:13:08,759:INFO:Initializing create_model()
2022-02-19 12:13:08,760:INFO:create_model(estimator=lda, fold=StratifiedKFold(n_splits=10, random_state=None, shuffle=False), round=4, cross_validation=True, predict=True, fit_kwargs={}, groups=None, refit=False, verbose=False, system=False, metrics=None, add_to_model_list=True, probability_threshold=None, display=<pycaret.internal.Display.Display object at 0x0000022F0AA3A610>, kwargs={})
2022-02-19 12:13:08,760:INFO:Checking exceptions
2022-02-19 12:13:08,760:INFO:Importing libraries
2022-02-19 12:13:08,760:INFO:Copying training dataset
2022-02-19 12:13:08,760:INFO:Defining folds
2022-02-19 12:13:08,760:INFO:Declaring metric variables
2022-02-19 12:13:08,771:INFO:Importing untrained model
2022-02-19 12:13:08,781:INFO:Linear Discriminant Analysis Imported succesfully
2022-02-19 12:13:08,799:INFO:Starting cross validation
2022-02-19 12:13:08,799:INFO:Cross validating with StratifiedKFold(n_splits=10, random_state=None, shuffle=False), n_jobs=-1
2022-02-19 12:13:08,867:INFO:Calculating mean and std
2022-02-19 12:13:08,867:INFO:Creating metrics dataframe
2022-02-19 12:13:08,872:INFO:Uploading results into container
2022-02-19 12:13:08,872:INFO:Uploading model into container now
2022-02-19 12:13:08,873:INFO:create_model_container: 11
2022-02-19 12:13:08,873:INFO:master_model_container: 11
2022-02-19 12:13:08,873:INFO:display_container: 2
2022-02-19 12:13:08,873:INFO:LinearDiscriminantAnalysis(n_components=None, priors=None, shrinkage=None,
                           solver='svd', store_covariance=False, tol=0.0001)
2022-02-19 12:13:08,873:INFO:create_model() succesfully completed......................................
2022-02-19 12:13:08,942:INFO:SubProcess create_model() end ==================================
2022-02-19 12:13:08,942:INFO:Creating metrics dataframe
2022-02-19 12:13:08,958:INFO:Initializing Extra Trees Classifier
2022-02-19 12:13:08,958:INFO:Total runtime is 0.1456569234530131 minutes
2022-02-19 12:13:08,966:INFO:SubProcess create_model() called ==================================
2022-02-19 12:13:08,967:INFO:Initializing create_model()
2022-02-19 12:13:08,967:INFO:create_model(estimator=et, fold=StratifiedKFold(n_splits=10, random_state=None, shuffle=False), round=4, cross_validation=True, predict=True, fit_kwargs={}, groups=None, refit=False, verbose=False, system=False, metrics=None, add_to_model_list=True, probability_threshold=None, display=<pycaret.internal.Display.Display object at 0x0000022F0AA3A610>, kwargs={})
2022-02-19 12:13:08,967:INFO:Checking exceptions
2022-02-19 12:13:08,967:INFO:Importing libraries
2022-02-19 12:13:08,967:INFO:Copying training dataset
2022-02-19 12:13:08,968:INFO:Defining folds
2022-02-19 12:13:08,968:INFO:Declaring metric variables
2022-02-19 12:13:08,978:INFO:Importing untrained model
2022-02-19 12:13:08,987:INFO:Extra Trees Classifier Imported succesfully
2022-02-19 12:13:09,007:INFO:Starting cross validation
2022-02-19 12:13:09,008:INFO:Cross validating with StratifiedKFold(n_splits=10, random_state=None, shuffle=False), n_jobs=-1
2022-02-19 12:13:09,935:INFO:Calculating mean and std
2022-02-19 12:13:09,936:INFO:Creating metrics dataframe
2022-02-19 12:13:09,940:INFO:Uploading results into container
2022-02-19 12:13:09,940:INFO:Uploading model into container now
2022-02-19 12:13:09,940:INFO:create_model_container: 12
2022-02-19 12:13:09,940:INFO:master_model_container: 12
2022-02-19 12:13:09,941:INFO:display_container: 2
2022-02-19 12:13:09,941:INFO:ExtraTreesClassifier(bootstrap=False, ccp_alpha=0.0, class_weight=None,
                     criterion='gini', max_depth=None, max_features='auto',
                     max_leaf_nodes=None, max_samples=None,
                     min_impurity_decrease=0.0, min_impurity_split=None,
                     min_samples_leaf=1, min_samples_split=2,
                     min_weight_fraction_leaf=0.0, n_estimators=100, n_jobs=-1,
                     oob_score=False, random_state=123, verbose=0,
                     warm_start=False)
2022-02-19 12:13:09,941:INFO:create_model() succesfully completed......................................
2022-02-19 12:13:10,016:INFO:SubProcess create_model() end ==================================
2022-02-19 12:13:10,016:INFO:Creating metrics dataframe
2022-02-19 12:13:10,042:INFO:Initializing Extreme Gradient Boosting
2022-02-19 12:13:10,042:INFO:Total runtime is 0.16373268365859983 minutes
2022-02-19 12:13:10,049:INFO:SubProcess create_model() called ==================================
2022-02-19 12:13:10,049:INFO:Initializing create_model()
2022-02-19 12:13:10,049:INFO:create_model(estimator=xgboost, fold=StratifiedKFold(n_splits=10, random_state=None, shuffle=False), round=4, cross_validation=True, predict=True, fit_kwargs={}, groups=None, refit=False, verbose=False, system=False, metrics=None, add_to_model_list=True, probability_threshold=None, display=<pycaret.internal.Display.Display object at 0x0000022F0AA3A610>, kwargs={})
2022-02-19 12:13:10,049:INFO:Checking exceptions
2022-02-19 12:13:10,049:INFO:Importing libraries
2022-02-19 12:13:10,049:INFO:Copying training dataset
2022-02-19 12:13:10,050:INFO:Defining folds
2022-02-19 12:13:10,051:INFO:Declaring metric variables
2022-02-19 12:13:10,060:INFO:Importing untrained model
2022-02-19 12:13:10,070:INFO:Extreme Gradient Boosting Imported succesfully
2022-02-19 12:13:10,088:INFO:Starting cross validation
2022-02-19 12:13:10,091:INFO:Cross validating with StratifiedKFold(n_splits=10, random_state=None, shuffle=False), n_jobs=-1
2022-02-19 12:13:11,355:INFO:Calculating mean and std
2022-02-19 12:13:11,356:INFO:Creating metrics dataframe
2022-02-19 12:13:11,361:INFO:Uploading results into container
2022-02-19 12:13:11,361:INFO:Uploading model into container now
2022-02-19 12:13:11,361:INFO:create_model_container: 13
2022-02-19 12:13:11,361:INFO:master_model_container: 13
2022-02-19 12:13:11,361:INFO:display_container: 2
2022-02-19 12:13:11,362:INFO:XGBClassifier(base_score=None, booster='gbtree', colsample_bylevel=None,
              colsample_bynode=None, colsample_bytree=None,
              enable_categorical=False, gamma=None, gpu_id=None,
              importance_type=None, interaction_constraints=None,
              learning_rate=None, max_delta_step=None, max_depth=None,
              min_child_weight=None, missing=nan, monotone_constraints=None,
              n_estimators=100, n_jobs=-1, num_parallel_tree=None,
              objective='binary:logistic', predictor=None, random_state=123,
              reg_alpha=None, reg_lambda=None, scale_pos_weight=None,
              subsample=None, tree_method='auto', use_label_encoder=True,
              validate_parameters=None, verbosity=0)
2022-02-19 12:13:11,362:INFO:create_model() succesfully completed......................................
2022-02-19 12:13:11,449:INFO:SubProcess create_model() end ==================================
2022-02-19 12:13:11,449:INFO:Creating metrics dataframe
2022-02-19 12:13:11,468:INFO:Initializing Light Gradient Boosting Machine
2022-02-19 12:13:11,468:INFO:Total runtime is 0.18748697042465207 minutes
2022-02-19 12:13:11,475:INFO:SubProcess create_model() called ==================================
2022-02-19 12:13:11,475:INFO:Initializing create_model()
2022-02-19 12:13:11,475:INFO:create_model(estimator=lightgbm, fold=StratifiedKFold(n_splits=10, random_state=None, shuffle=False), round=4, cross_validation=True, predict=True, fit_kwargs={}, groups=None, refit=False, verbose=False, system=False, metrics=None, add_to_model_list=True, probability_threshold=None, display=<pycaret.internal.Display.Display object at 0x0000022F0AA3A610>, kwargs={})
2022-02-19 12:13:11,475:INFO:Checking exceptions
2022-02-19 12:13:11,475:INFO:Importing libraries
2022-02-19 12:13:11,475:INFO:Copying training dataset
2022-02-19 12:13:11,476:INFO:Defining folds
2022-02-19 12:13:11,476:INFO:Declaring metric variables
2022-02-19 12:13:11,484:INFO:Importing untrained model
2022-02-19 12:13:11,491:INFO:Light Gradient Boosting Machine Imported succesfully
2022-02-19 12:13:11,509:INFO:Starting cross validation
2022-02-19 12:13:11,510:INFO:Cross validating with StratifiedKFold(n_splits=10, random_state=None, shuffle=False), n_jobs=-1
2022-02-19 12:13:13,246:INFO:Calculating mean and std
2022-02-19 12:13:13,247:INFO:Creating metrics dataframe
2022-02-19 12:13:13,251:INFO:Uploading results into container
2022-02-19 12:13:13,251:INFO:Uploading model into container now
2022-02-19 12:13:13,251:INFO:create_model_container: 14
2022-02-19 12:13:13,251:INFO:master_model_container: 14
2022-02-19 12:13:13,251:INFO:display_container: 2
2022-02-19 12:13:13,252:INFO:LGBMClassifier(boosting_type='gbdt', class_weight=None, colsample_bytree=1.0,
               importance_type='split', learning_rate=0.1, max_depth=-1,
               min_child_samples=20, min_child_weight=0.001, min_split_gain=0.0,
               n_estimators=100, n_jobs=-1, num_leaves=31, objective=None,
               random_state=123, reg_alpha=0.0, reg_lambda=0.0, silent='warn',
               subsample=1.0, subsample_for_bin=200000, subsample_freq=0)
2022-02-19 12:13:13,252:INFO:create_model() succesfully completed......................................
2022-02-19 12:13:13,341:INFO:SubProcess create_model() end ==================================
2022-02-19 12:13:13,341:INFO:Creating metrics dataframe
2022-02-19 12:13:13,363:INFO:Initializing CatBoost Classifier
2022-02-19 12:13:13,364:INFO:Total runtime is 0.21908996899922686 minutes
2022-02-19 12:13:13,371:INFO:SubProcess create_model() called ==================================
2022-02-19 12:13:13,371:INFO:Initializing create_model()
2022-02-19 12:13:13,371:INFO:create_model(estimator=catboost, fold=StratifiedKFold(n_splits=10, random_state=None, shuffle=False), round=4, cross_validation=True, predict=True, fit_kwargs={}, groups=None, refit=False, verbose=False, system=False, metrics=None, add_to_model_list=True, probability_threshold=None, display=<pycaret.internal.Display.Display object at 0x0000022F0AA3A610>, kwargs={})
2022-02-19 12:13:13,371:INFO:Checking exceptions
2022-02-19 12:13:13,371:INFO:Importing libraries
2022-02-19 12:13:13,371:INFO:Copying training dataset
2022-02-19 12:13:13,372:INFO:Defining folds
2022-02-19 12:13:13,372:INFO:Declaring metric variables
2022-02-19 12:13:13,382:INFO:Importing untrained model
2022-02-19 12:13:13,392:INFO:CatBoost Classifier Imported succesfully
2022-02-19 12:13:13,413:INFO:Starting cross validation
2022-02-19 12:13:13,415:INFO:Cross validating with StratifiedKFold(n_splits=10, random_state=None, shuffle=False), n_jobs=-1
2022-02-19 12:13:17,053:INFO:Calculating mean and std
2022-02-19 12:13:17,054:INFO:Creating metrics dataframe
2022-02-19 12:13:17,060:INFO:Uploading results into container
2022-02-19 12:13:17,060:INFO:Uploading model into container now
2022-02-19 12:13:17,061:INFO:create_model_container: 15
2022-02-19 12:13:17,061:INFO:master_model_container: 15
2022-02-19 12:13:17,061:INFO:display_container: 2
2022-02-19 12:13:17,061:INFO:<catboost.core.CatBoostClassifier object at 0x0000022F0AA97250>
2022-02-19 12:13:17,061:INFO:create_model() succesfully completed......................................
2022-02-19 12:13:17,130:WARNING:create_model() for <catboost.core.CatBoostClassifier object at 0x0000022F0AA97250> raised an exception or returned all 0.0, trying without fit_kwargs:
2022-02-19 12:13:17,189:WARNING:Traceback (most recent call last):
  File "C:\Users\ragod\AppData\Roaming\Python\Python38\site-packages\pycaret\internal\tabular.py", line 2208, in compare_models
    assert np.sum(model_results.iloc[0]) != 0.0
AssertionError

2022-02-19 12:13:17,189:INFO:Initializing create_model()
2022-02-19 12:13:17,189:INFO:create_model(estimator=catboost, fold=StratifiedKFold(n_splits=10, random_state=None, shuffle=False), round=4, cross_validation=True, predict=True, fit_kwargs={}, groups=None, refit=False, verbose=False, system=False, metrics=None, add_to_model_list=True, probability_threshold=None, display=<pycaret.internal.Display.Display object at 0x0000022F0AA3A610>, kwargs={})
2022-02-19 12:13:17,189:INFO:Checking exceptions
2022-02-19 12:13:17,189:INFO:Importing libraries
2022-02-19 12:13:17,189:INFO:Copying training dataset
2022-02-19 12:13:17,190:INFO:Defining folds
2022-02-19 12:13:17,192:INFO:Declaring metric variables
2022-02-19 12:13:17,198:INFO:Importing untrained model
2022-02-19 12:13:17,207:INFO:CatBoost Classifier Imported succesfully
2022-02-19 12:13:17,221:INFO:Starting cross validation
2022-02-19 12:13:17,222:INFO:Cross validating with StratifiedKFold(n_splits=10, random_state=None, shuffle=False), n_jobs=-1
2022-02-19 12:13:25,596:INFO:Calculating mean and std
2022-02-19 12:13:25,596:INFO:Creating metrics dataframe
2022-02-19 12:13:25,601:INFO:Uploading results into container
2022-02-19 12:13:25,602:INFO:Uploading model into container now
2022-02-19 12:13:25,602:INFO:create_model_container: 16
2022-02-19 12:13:25,602:INFO:master_model_container: 16
2022-02-19 12:13:25,602:INFO:display_container: 2
2022-02-19 12:13:25,602:INFO:<catboost.core.CatBoostClassifier object at 0x0000022F0AA9BF10>
2022-02-19 12:13:25,602:INFO:create_model() succesfully completed......................................
2022-02-19 12:13:25,680:INFO:SubProcess create_model() end ==================================
2022-02-19 12:13:25,680:INFO:Creating metrics dataframe
2022-02-19 12:13:25,702:INFO:Initializing Dummy Classifier
2022-02-19 12:13:25,702:INFO:Total runtime is 0.42473191022872925 minutes
2022-02-19 12:13:25,711:INFO:SubProcess create_model() called ==================================
2022-02-19 12:13:25,711:INFO:Initializing create_model()
2022-02-19 12:13:25,711:INFO:create_model(estimator=dummy, fold=StratifiedKFold(n_splits=10, random_state=None, shuffle=False), round=4, cross_validation=True, predict=True, fit_kwargs={}, groups=None, refit=False, verbose=False, system=False, metrics=None, add_to_model_list=True, probability_threshold=None, display=<pycaret.internal.Display.Display object at 0x0000022F0AA3A610>, kwargs={})
2022-02-19 12:13:25,711:INFO:Checking exceptions
2022-02-19 12:13:25,711:INFO:Importing libraries
2022-02-19 12:13:25,711:INFO:Copying training dataset
2022-02-19 12:13:25,712:INFO:Defining folds
2022-02-19 12:13:25,712:INFO:Declaring metric variables
2022-02-19 12:13:25,723:INFO:Importing untrained model
2022-02-19 12:13:25,732:INFO:Dummy Classifier Imported succesfully
2022-02-19 12:13:25,748:INFO:Starting cross validation
2022-02-19 12:13:25,749:INFO:Cross validating with StratifiedKFold(n_splits=10, random_state=None, shuffle=False), n_jobs=-1
2022-02-19 12:13:25,789:INFO:Calculating mean and std
2022-02-19 12:13:25,790:INFO:Creating metrics dataframe
2022-02-19 12:13:25,792:INFO:Uploading results into container
2022-02-19 12:13:25,792:INFO:Uploading model into container now
2022-02-19 12:13:25,792:INFO:create_model_container: 17
2022-02-19 12:13:25,792:INFO:master_model_container: 17
2022-02-19 12:13:25,792:INFO:display_container: 2
2022-02-19 12:13:25,793:INFO:DummyClassifier(constant=None, random_state=123, strategy='prior')
2022-02-19 12:13:25,793:INFO:create_model() succesfully completed......................................
2022-02-19 12:13:25,862:INFO:SubProcess create_model() end ==================================
2022-02-19 12:13:25,862:INFO:Creating metrics dataframe
2022-02-19 12:13:25,908:INFO:Initializing create_model()
2022-02-19 12:13:25,908:INFO:create_model(estimator=LogisticRegression(C=1.0, class_weight=None, dual=False, fit_intercept=True,
                   intercept_scaling=1, l1_ratio=None, max_iter=1000,
                   multi_class='auto', n_jobs=None, penalty='l2',
                   random_state=123, solver='lbfgs', tol=0.0001, verbose=0,
                   warm_start=False), fold=StratifiedKFold(n_splits=10, random_state=None, shuffle=False), round=4, cross_validation=False, predict=False, fit_kwargs={}, groups=None, refit=True, verbose=False, system=False, metrics=None, add_to_model_list=True, probability_threshold=None, display=None, kwargs={})
2022-02-19 12:13:25,908:INFO:Checking exceptions
2022-02-19 12:13:25,908:INFO:Importing libraries
2022-02-19 12:13:25,908:INFO:Copying training dataset
2022-02-19 12:13:25,909:INFO:Defining folds
2022-02-19 12:13:25,909:INFO:Declaring metric variables
2022-02-19 12:13:25,909:INFO:Importing untrained model
2022-02-19 12:13:25,909:INFO:Declaring custom model
2022-02-19 12:13:25,911:INFO:Logistic Regression Imported succesfully
2022-02-19 12:13:25,911:INFO:Cross validation set to False
2022-02-19 12:13:25,911:INFO:Fitting Model
2022-02-19 12:13:25,993:INFO:LogisticRegression(C=1.0, class_weight=None, dual=False, fit_intercept=True,
                   intercept_scaling=1, l1_ratio=None, max_iter=1000,
                   multi_class='auto', n_jobs=None, penalty='l2',
                   random_state=123, solver='lbfgs', tol=0.0001, verbose=0,
                   warm_start=False)
2022-02-19 12:13:25,993:INFO:create_models() succesfully completed......................................
2022-02-19 12:13:26,108:INFO:create_model_container: 17
2022-02-19 12:13:26,108:INFO:master_model_container: 17
2022-02-19 12:13:26,108:INFO:display_container: 2
2022-02-19 12:13:26,108:INFO:LogisticRegression(C=1.0, class_weight=None, dual=False, fit_intercept=True,
                   intercept_scaling=1, l1_ratio=None, max_iter=1000,
                   multi_class='auto', n_jobs=None, penalty='l2',
                   random_state=123, solver='lbfgs', tol=0.0001, verbose=0,
                   warm_start=False)
2022-02-19 12:13:26,109:INFO:compare_models() succesfully completed......................................
2022-02-19 12:15:07,821:INFO:Initializing create_model()
2022-02-19 12:15:07,822:INFO:create_model(estimator=lr, fold=None, round=4, cross_validation=True, predict=True, fit_kwargs=None, groups=None, refit=True, verbose=True, system=True, metrics=None, add_to_model_list=True, probability_threshold=None, display=None, kwargs={})
2022-02-19 12:15:07,822:INFO:Checking exceptions
2022-02-19 12:15:07,822:INFO:Preparing display monitor
2022-02-19 12:15:07,845:INFO:Importing libraries
2022-02-19 12:15:07,845:INFO:Copying training dataset
2022-02-19 12:15:07,846:INFO:Defining folds
2022-02-19 12:15:07,846:INFO:Declaring metric variables
2022-02-19 12:15:07,856:INFO:Importing untrained model
2022-02-19 12:15:07,866:INFO:Logistic Regression Imported succesfully
2022-02-19 12:15:07,884:INFO:Starting cross validation
2022-02-19 12:15:07,885:INFO:Cross validating with StratifiedKFold(n_splits=10, random_state=None, shuffle=False), n_jobs=-1
2022-02-19 12:15:08,048:INFO:Calculating mean and std
2022-02-19 12:15:08,049:INFO:Creating metrics dataframe
2022-02-19 12:15:08,061:INFO:Finalizing model
2022-02-19 12:15:08,139:INFO:Uploading results into container
2022-02-19 12:15:08,139:INFO:Uploading model into container now
2022-02-19 12:15:08,154:INFO:create_model_container: 18
2022-02-19 12:15:08,154:INFO:master_model_container: 18
2022-02-19 12:15:08,155:INFO:display_container: 3
2022-02-19 12:15:08,155:INFO:LogisticRegression(C=1.0, class_weight=None, dual=False, fit_intercept=True,
                   intercept_scaling=1, l1_ratio=None, max_iter=1000,
                   multi_class='auto', n_jobs=None, penalty='l2',
                   random_state=123, solver='lbfgs', tol=0.0001, verbose=0,
                   warm_start=False)
2022-02-19 12:15:08,155:INFO:create_model() succesfully completed......................................
2022-02-19 12:16:11,967:INFO:Initializing tune_model()
2022-02-19 12:16:11,967:INFO:tune_model(estimator=lr, fold=None, round=4, n_iter=10, custom_grid=None, optimize=Accuracy, custom_scorer=None, search_library=scikit-learn, search_algorithm=None, early_stopping=False, early_stopping_max_iters=10, choose_better=False, fit_kwargs=None, groups=None, return_tuner=False, verbose=True, tuner_verbose=True, display=None, kwargs={})
2022-02-19 12:16:11,968:INFO:Checking exceptions
2022-02-19 12:16:39,898:INFO:Initializing tune_model()
2022-02-19 12:16:39,898:INFO:tune_model(estimator=LogisticRegression(C=1.0, class_weight=None, dual=False, fit_intercept=True,
                   intercept_scaling=1, l1_ratio=None, max_iter=1000,
                   multi_class='auto', n_jobs=None, penalty='l2',
                   random_state=123, solver='lbfgs', tol=0.0001, verbose=0,
                   warm_start=False), fold=None, round=4, n_iter=10, custom_grid=None, optimize=Accuracy, custom_scorer=None, search_library=scikit-learn, search_algorithm=None, early_stopping=False, early_stopping_max_iters=10, choose_better=False, fit_kwargs=None, groups=None, return_tuner=False, verbose=True, tuner_verbose=True, display=None, kwargs={})
2022-02-19 12:16:39,899:INFO:Checking exceptions
2022-02-19 12:16:39,899:INFO:Preparing display monitor
2022-02-19 12:16:39,917:INFO:Copying training dataset
2022-02-19 12:16:39,919:INFO:Checking base model
2022-02-19 12:16:39,919:INFO:Base model : Logistic Regression
2022-02-19 12:16:39,928:INFO:Declaring metric variables
2022-02-19 12:16:39,938:INFO:Defining Hyperparameters
2022-02-19 12:16:40,079:INFO:Tuning with n_jobs=-1
2022-02-19 12:16:40,079:INFO:Initializing RandomizedSearchCV
2022-02-19 12:16:41,244:INFO:best_params: {'actual_estimator__class_weight': {}, 'actual_estimator__C': 7.863}
2022-02-19 12:16:41,245:INFO:Hyperparameter search completed
2022-02-19 12:16:41,245:INFO:SubProcess create_model() called ==================================
2022-02-19 12:16:41,245:INFO:Initializing create_model()
2022-02-19 12:16:41,245:INFO:create_model(estimator=LogisticRegression(C=1.0, class_weight=None, dual=False, fit_intercept=True,
                   intercept_scaling=1, l1_ratio=None, max_iter=1000,
                   multi_class='auto', n_jobs=None, penalty='l2',
                   random_state=123, solver='lbfgs', tol=0.0001, verbose=0,
                   warm_start=False), fold=StratifiedKFold(n_splits=10, random_state=None, shuffle=False), round=4, cross_validation=True, predict=True, fit_kwargs={}, groups=None, refit=True, verbose=True, system=False, metrics=None, add_to_model_list=True, probability_threshold=None, display=<pycaret.internal.Display.Display object at 0x0000022F0A8C39A0>, kwargs={'class_weight': {}, 'C': 7.863})
2022-02-19 12:16:41,246:INFO:Checking exceptions
2022-02-19 12:16:41,246:INFO:Importing libraries
2022-02-19 12:16:41,246:INFO:Copying training dataset
2022-02-19 12:16:41,247:INFO:Defining folds
2022-02-19 12:16:41,247:INFO:Declaring metric variables
2022-02-19 12:16:41,258:INFO:Importing untrained model
2022-02-19 12:16:41,258:INFO:Declaring custom model
2022-02-19 12:16:41,265:INFO:Logistic Regression Imported succesfully
2022-02-19 12:16:41,280:INFO:Starting cross validation
2022-02-19 12:16:41,280:INFO:Cross validating with StratifiedKFold(n_splits=10, random_state=None, shuffle=False), n_jobs=-1
2022-02-19 12:16:41,425:INFO:Calculating mean and std
2022-02-19 12:16:41,426:INFO:Creating metrics dataframe
2022-02-19 12:16:41,437:INFO:Finalizing model
2022-02-19 12:16:41,523:INFO:Uploading results into container
2022-02-19 12:16:41,523:INFO:Uploading model into container now
2022-02-19 12:16:41,523:INFO:create_model_container: 19
2022-02-19 12:16:41,523:INFO:master_model_container: 19
2022-02-19 12:16:41,523:INFO:display_container: 4
2022-02-19 12:16:41,524:INFO:LogisticRegression(C=7.863, class_weight={}, dual=False, fit_intercept=True,
                   intercept_scaling=1, l1_ratio=None, max_iter=1000,
                   multi_class='auto', n_jobs=None, penalty='l2',
                   random_state=123, solver='lbfgs', tol=0.0001, verbose=0,
                   warm_start=False)
2022-02-19 12:16:41,524:INFO:create_model() succesfully completed......................................
2022-02-19 12:16:41,597:INFO:SubProcess create_model() end ==================================
2022-02-19 12:16:41,610:INFO:create_model_container: 19
2022-02-19 12:16:41,610:INFO:master_model_container: 19
2022-02-19 12:16:41,610:INFO:display_container: 4
2022-02-19 12:16:41,611:INFO:LogisticRegression(C=7.863, class_weight={}, dual=False, fit_intercept=True,
                   intercept_scaling=1, l1_ratio=None, max_iter=1000,
                   multi_class='auto', n_jobs=None, penalty='l2',
                   random_state=123, solver='lbfgs', tol=0.0001, verbose=0,
                   warm_start=False)
2022-02-19 12:16:41,611:INFO:tune_model() succesfully completed......................................
2022-02-19 12:18:06,282:INFO:Initializing plot_model()
2022-02-19 12:18:06,282:INFO:plot_model(fold=None, use_train_data=False, verbose=True, is_in_evaluate=False, display=None, display_format=None, estimator=LogisticRegression(C=7.863, class_weight={}, dual=False, fit_intercept=True,
                   intercept_scaling=1, l1_ratio=None, max_iter=1000,
                   multi_class='auto', n_jobs=None, penalty='l2',
                   random_state=123, solver='lbfgs', tol=0.0001, verbose=0,
                   warm_start=False), feature_name=None, fit_kwargs=None, groups=None, label=False, plot=confusion_matrix, plot_kwargs=None, save=False, scale=1, system=True)
2022-02-19 12:18:06,282:INFO:Checking exceptions
2022-02-19 12:18:06,284:INFO:Preparing display monitor
2022-02-19 12:18:06,290:INFO:Preloading libraries
2022-02-19 12:18:06,290:INFO:Copying training dataset
2022-02-19 12:18:06,291:INFO:Copying test dataset
2022-02-19 12:18:06,291:INFO:Plot type: confusion_matrix
2022-02-19 12:18:06,293:INFO:Initializing get_config()
2022-02-19 12:18:06,293:INFO:get_config(variable=prep_pipe)
2022-02-19 12:18:06,299:INFO:Global variable: prep_pipe returned as Pipeline(memory=None,
         steps=[('dtypes',
                 DataTypes_Auto_infer(categorical_features=[],
                                      display_types=True, features_todrop=[],
                                      id_columns=[],
                                      ml_usecase='classification',
                                      numerical_features=[], target='Churn',
                                      time_features=[])),
                ('imputer',
                 Simple_Imputer(categorical_strategy='not_available',
                                fill_value_categorical=None,
                                fill_value_numerical=None,
                                numeric_strate...
                ('scaling', 'passthrough'), ('P_transform', 'passthrough'),
                ('binn', 'passthrough'), ('rem_outliers', 'passthrough'),
                ('cluster_all', 'passthrough'),
                ('dummy', Dummify(target='Churn')),
                ('fix_perfect', Remove_100(target='Churn')),
                ('clean_names', Clean_Colum_Names()),
                ('feature_select', 'passthrough'), ('fix_multi', 'passthrough'),
                ('dfs', 'passthrough'), ('pca', 'passthrough')],
         verbose=False)
2022-02-19 12:18:06,299:INFO:get_config() succesfully completed......................................
2022-02-19 12:18:06,300:INFO:Fitting Model
2022-02-19 12:18:06,301:INFO:Scoring test/hold-out set
2022-02-19 12:18:06,445:INFO:Visual Rendered Successfully
2022-02-19 12:18:06,528:INFO:plot_model() succesfully completed......................................
2022-02-19 12:19:17,371:INFO:Initializing predict_model()
2022-02-19 12:19:17,371:INFO:predict_model(estimator=LogisticRegression(C=7.863, class_weight={}, dual=False, fit_intercept=True,
                   intercept_scaling=1, l1_ratio=None, max_iter=1000,
                   multi_class='auto', n_jobs=None, penalty='l2',
                   random_state=123, solver='lbfgs', tol=0.0001, verbose=0,
                   warm_start=False), probability_threshold=None, encoded_labels=False, drift_report=False, raw_score=False, round=4, verbose=True, ml_usecase=MLUsecase.CLASSIFICATION, display=None)
2022-02-19 12:19:17,371:INFO:Checking exceptions
2022-02-19 12:19:17,371:INFO:Preloading libraries
2022-02-19 12:19:17,371:INFO:Preparing display monitor
2022-02-19 12:19:48,092:INFO:Initializing finalize_model()
2022-02-19 12:19:48,092:INFO:finalize_model(estimator=LogisticRegression(C=7.863, class_weight={}, dual=False, fit_intercept=True,
                   intercept_scaling=1, l1_ratio=None, max_iter=1000,
                   multi_class='auto', n_jobs=None, penalty='l2',
                   random_state=123, solver='lbfgs', tol=0.0001, verbose=0,
                   warm_start=False), fit_kwargs=None, groups=None, model_only=True, display=None)
2022-02-19 12:19:48,093:INFO:Finalizing LogisticRegression(C=7.863, class_weight={}, dual=False, fit_intercept=True,
                   intercept_scaling=1, l1_ratio=None, max_iter=1000,
                   multi_class='auto', n_jobs=None, penalty='l2',
                   random_state=123, solver='lbfgs', tol=0.0001, verbose=0,
                   warm_start=False)
2022-02-19 12:19:48,093:INFO:Initializing create_model()
2022-02-19 12:19:48,093:INFO:create_model(estimator=LogisticRegression(C=7.863, class_weight={}, dual=False, fit_intercept=True,
                   intercept_scaling=1, l1_ratio=None, max_iter=1000,
                   multi_class='auto', n_jobs=None, penalty='l2',
                   random_state=123, solver='lbfgs', tol=0.0001, verbose=0,
                   warm_start=False), fold=None, round=4, cross_validation=True, predict=True, fit_kwargs={}, groups=None, refit=True, verbose=False, system=False, metrics=None, add_to_model_list=False, probability_threshold=None, display=None, kwargs={})
2022-02-19 12:19:48,093:INFO:Checking exceptions
2022-02-19 12:19:48,093:INFO:Importing libraries
2022-02-19 12:19:48,093:INFO:Copying training dataset
2022-02-19 12:19:48,095:INFO:Defining folds
2022-02-19 12:19:48,095:INFO:Declaring metric variables
2022-02-19 12:19:48,095:INFO:Importing untrained model
2022-02-19 12:19:48,095:INFO:Declaring custom model
2022-02-19 12:19:48,095:INFO:Logistic Regression Imported succesfully
2022-02-19 12:19:48,095:INFO:Starting cross validation
2022-02-19 12:19:48,096:INFO:Cross validating with StratifiedKFold(n_splits=10, random_state=None, shuffle=False), n_jobs=-1
2022-02-19 12:19:48,289:INFO:Calculating mean and std
2022-02-19 12:19:48,289:INFO:Creating metrics dataframe
2022-02-19 12:19:48,292:INFO:Finalizing model
2022-02-19 12:19:48,367:INFO:create_model_container: 19
2022-02-19 12:19:48,367:INFO:master_model_container: 19
2022-02-19 12:19:48,367:INFO:display_container: 6
2022-02-19 12:19:48,367:INFO:LogisticRegression(C=7.863, class_weight={}, dual=False, fit_intercept=True,
                   intercept_scaling=1, l1_ratio=None, max_iter=1000,
                   multi_class='auto', n_jobs=None, penalty='l2',
                   random_state=123, solver='lbfgs', tol=0.0001, verbose=0,
                   warm_start=False)
2022-02-19 12:19:48,367:INFO:create_model() succesfully completed......................................
2022-02-19 12:19:48,441:INFO:create_model_container: 19
2022-02-19 12:19:48,441:INFO:master_model_container: 19
2022-02-19 12:19:48,441:INFO:display_container: 5
2022-02-19 12:19:48,441:INFO:LogisticRegression(C=7.863, class_weight={}, dual=False, fit_intercept=True,
                   intercept_scaling=1, l1_ratio=None, max_iter=1000,
                   multi_class='auto', n_jobs=None, penalty='l2',
                   random_state=123, solver='lbfgs', tol=0.0001, verbose=0,
                   warm_start=False)
2022-02-19 12:19:48,441:INFO:finalize_model() succesfully completed......................................
2022-02-19 12:19:56,737:INFO:Initializing finalize_model()
2022-02-19 12:19:56,738:INFO:finalize_model(estimator=LogisticRegression(C=7.863, class_weight={}, dual=False, fit_intercept=True,
                   intercept_scaling=1, l1_ratio=None, max_iter=1000,
                   multi_class='auto', n_jobs=None, penalty='l2',
                   random_state=123, solver='lbfgs', tol=0.0001, verbose=0,
                   warm_start=False), fit_kwargs=None, groups=None, model_only=True, display=None)
2022-02-19 12:19:56,738:INFO:Finalizing LogisticRegression(C=7.863, class_weight={}, dual=False, fit_intercept=True,
                   intercept_scaling=1, l1_ratio=None, max_iter=1000,
                   multi_class='auto', n_jobs=None, penalty='l2',
                   random_state=123, solver='lbfgs', tol=0.0001, verbose=0,
                   warm_start=False)
2022-02-19 12:19:56,738:INFO:Initializing create_model()
2022-02-19 12:19:56,738:INFO:create_model(estimator=LogisticRegression(C=7.863, class_weight={}, dual=False, fit_intercept=True,
                   intercept_scaling=1, l1_ratio=None, max_iter=1000,
                   multi_class='auto', n_jobs=None, penalty='l2',
                   random_state=123, solver='lbfgs', tol=0.0001, verbose=0,
                   warm_start=False), fold=None, round=4, cross_validation=True, predict=True, fit_kwargs={}, groups=None, refit=True, verbose=False, system=False, metrics=None, add_to_model_list=False, probability_threshold=None, display=None, kwargs={})
2022-02-19 12:19:56,738:INFO:Checking exceptions
2022-02-19 12:19:56,739:INFO:Importing libraries
2022-02-19 12:19:56,739:INFO:Copying training dataset
2022-02-19 12:19:56,739:INFO:Defining folds
2022-02-19 12:19:56,739:INFO:Declaring metric variables
2022-02-19 12:19:56,739:INFO:Importing untrained model
2022-02-19 12:19:56,739:INFO:Declaring custom model
2022-02-19 12:19:56,739:INFO:Logistic Regression Imported succesfully
2022-02-19 12:19:56,739:INFO:Starting cross validation
2022-02-19 12:19:56,740:INFO:Cross validating with StratifiedKFold(n_splits=10, random_state=None, shuffle=False), n_jobs=-1
2022-02-19 12:19:56,942:INFO:Calculating mean and std
2022-02-19 12:19:56,942:INFO:Creating metrics dataframe
2022-02-19 12:19:56,945:INFO:Finalizing model
2022-02-19 12:19:57,019:INFO:create_model_container: 19
2022-02-19 12:19:57,020:INFO:master_model_container: 19
2022-02-19 12:19:57,020:INFO:display_container: 6
2022-02-19 12:19:57,020:INFO:LogisticRegression(C=7.863, class_weight={}, dual=False, fit_intercept=True,
                   intercept_scaling=1, l1_ratio=None, max_iter=1000,
                   multi_class='auto', n_jobs=None, penalty='l2',
                   random_state=123, solver='lbfgs', tol=0.0001, verbose=0,
                   warm_start=False)
2022-02-19 12:19:57,020:INFO:create_model() succesfully completed......................................
2022-02-19 12:19:57,092:INFO:create_model_container: 19
2022-02-19 12:19:57,092:INFO:master_model_container: 19
2022-02-19 12:19:57,092:INFO:display_container: 5
2022-02-19 12:19:57,093:INFO:LogisticRegression(C=7.863, class_weight={}, dual=False, fit_intercept=True,
                   intercept_scaling=1, l1_ratio=None, max_iter=1000,
                   multi_class='auto', n_jobs=None, penalty='l2',
                   random_state=123, solver='lbfgs', tol=0.0001, verbose=0,
                   warm_start=False)
2022-02-19 12:19:57,093:INFO:finalize_model() succesfully completed......................................
2022-02-19 12:24:48,604:INFO:Initializing predict_model()
2022-02-19 12:24:48,604:INFO:predict_model(estimator=LogisticRegression(C=7.863, class_weight={}, dual=False, fit_intercept=True,
                   intercept_scaling=1, l1_ratio=None, max_iter=1000,
                   multi_class='auto', n_jobs=None, penalty='l2',
                   random_state=123, solver='lbfgs', tol=0.0001, verbose=0,
                   warm_start=False), probability_threshold=None, encoded_labels=False, drift_report=False, raw_score=False, round=4, verbose=True, ml_usecase=MLUsecase.CLASSIFICATION, display=None)
2022-02-19 12:24:48,604:INFO:Checking exceptions
2022-02-19 12:24:48,604:INFO:Preloading libraries
2022-02-19 12:24:48,604:INFO:Preparing display monitor
2022-02-19 12:25:25,196:INFO:Initializing predict_model()
2022-02-19 12:25:25,196:INFO:predict_model(estimator=LogisticRegression(C=7.863, class_weight={}, dual=False, fit_intercept=True,
                   intercept_scaling=1, l1_ratio=None, max_iter=1000,
                   multi_class='auto', n_jobs=None, penalty='l2',
                   random_state=123, solver='lbfgs', tol=0.0001, verbose=0,
                   warm_start=False), probability_threshold=None, encoded_labels=False, drift_report=False, raw_score=False, round=4, verbose=True, ml_usecase=MLUsecase.CLASSIFICATION, display=None)
2022-02-19 12:25:25,196:INFO:Checking exceptions
2022-02-19 12:25:25,196:INFO:Preloading libraries
2022-02-19 12:25:25,196:INFO:Preparing display monitor
2022-02-19 12:25:45,057:INFO:Initializing predict_model()
2022-02-19 12:25:45,057:INFO:predict_model(estimator=LogisticRegression(C=7.863, class_weight={}, dual=False, fit_intercept=True,
                   intercept_scaling=1, l1_ratio=None, max_iter=1000,
                   multi_class='auto', n_jobs=None, penalty='l2',
                   random_state=123, solver='lbfgs', tol=0.0001, verbose=0,
                   warm_start=False), probability_threshold=None, encoded_labels=False, drift_report=False, raw_score=False, round=4, verbose=True, ml_usecase=MLUsecase.CLASSIFICATION, display=None)
2022-02-19 12:25:45,058:INFO:Checking exceptions
2022-02-19 12:25:45,058:INFO:Preloading libraries
2022-02-19 12:25:45,058:INFO:Preparing display monitor
2022-02-19 12:46:20,949:INFO:Initializing create_model()
2022-02-19 12:46:20,951:INFO:create_model(estimator=lda, fold=None, round=4, cross_validation=True, predict=True, fit_kwargs=None, groups=None, refit=True, verbose=True, system=True, metrics=None, add_to_model_list=True, probability_threshold=None, display=None, kwargs={})
2022-02-19 12:46:20,951:INFO:Checking exceptions
2022-02-19 12:46:20,951:INFO:Preparing display monitor
2022-02-19 12:46:20,973:INFO:Importing libraries
2022-02-19 12:46:20,973:INFO:Copying training dataset
2022-02-19 12:46:20,974:INFO:Defining folds
2022-02-19 12:46:20,974:INFO:Declaring metric variables
2022-02-19 12:46:20,985:INFO:Importing untrained model
2022-02-19 12:46:20,997:INFO:Linear Discriminant Analysis Imported succesfully
2022-02-19 12:46:21,015:INFO:Starting cross validation
2022-02-19 12:46:21,016:INFO:Cross validating with StratifiedKFold(n_splits=10, random_state=None, shuffle=False), n_jobs=-1
2022-02-19 12:46:25,850:INFO:Calculating mean and std
2022-02-19 12:46:25,851:INFO:Creating metrics dataframe
2022-02-19 12:46:25,862:INFO:Finalizing model
2022-02-19 12:46:25,877:INFO:Uploading results into container
2022-02-19 12:46:25,877:INFO:Uploading model into container now
2022-02-19 12:46:25,897:INFO:create_model_container: 20
2022-02-19 12:46:25,898:INFO:master_model_container: 20
2022-02-19 12:46:25,898:INFO:display_container: 6
2022-02-19 12:46:25,898:INFO:LinearDiscriminantAnalysis(n_components=None, priors=None, shrinkage=None,
                           solver='svd', store_covariance=False, tol=0.0001)
2022-02-19 12:46:25,898:INFO:create_model() succesfully completed......................................
2022-02-19 12:47:59,983:INFO:Initializing tune_model()
2022-02-19 12:47:59,983:INFO:tune_model(estimator=LinearDiscriminantAnalysis(n_components=None, priors=None, shrinkage=None,
                           solver='svd', store_covariance=False, tol=0.0001), fold=None, round=4, n_iter=10, custom_grid=None, optimize=Accuracy, custom_scorer=None, search_library=scikit-learn, search_algorithm=None, early_stopping=False, early_stopping_max_iters=10, choose_better=False, fit_kwargs=None, groups=None, return_tuner=False, verbose=True, tuner_verbose=True, display=None, kwargs={})
2022-02-19 12:47:59,983:INFO:Checking exceptions
2022-02-19 12:47:59,984:INFO:Preparing display monitor
2022-02-19 12:48:00,001:INFO:Copying training dataset
2022-02-19 12:48:00,002:INFO:Checking base model
2022-02-19 12:48:00,002:INFO:Base model : Linear Discriminant Analysis
2022-02-19 12:48:00,012:INFO:Declaring metric variables
2022-02-19 12:48:00,022:INFO:Defining Hyperparameters
2022-02-19 12:48:00,116:INFO:Tuning with n_jobs=-1
2022-02-19 12:48:00,116:INFO:Initializing RandomizedSearchCV
2022-02-19 12:48:00,439:INFO:best_params: {'actual_estimator__solver': 'lsqr', 'actual_estimator__shrinkage': 'auto'}
2022-02-19 12:48:00,440:INFO:Hyperparameter search completed
2022-02-19 12:48:00,440:INFO:SubProcess create_model() called ==================================
2022-02-19 12:48:00,440:INFO:Initializing create_model()
2022-02-19 12:48:00,440:INFO:create_model(estimator=LinearDiscriminantAnalysis(n_components=None, priors=None, shrinkage=None,
                           solver='svd', store_covariance=False, tol=0.0001), fold=StratifiedKFold(n_splits=10, random_state=None, shuffle=False), round=4, cross_validation=True, predict=True, fit_kwargs={}, groups=None, refit=True, verbose=True, system=False, metrics=None, add_to_model_list=True, probability_threshold=None, display=<pycaret.internal.Display.Display object at 0x0000022F0AAC6B20>, kwargs={'solver': 'lsqr', 'shrinkage': 'auto'})
2022-02-19 12:48:00,440:INFO:Checking exceptions
2022-02-19 12:48:00,440:INFO:Importing libraries
2022-02-19 12:48:00,441:INFO:Copying training dataset
2022-02-19 12:48:00,441:INFO:Defining folds
2022-02-19 12:48:00,442:INFO:Declaring metric variables
2022-02-19 12:48:00,450:INFO:Importing untrained model
2022-02-19 12:48:00,450:INFO:Declaring custom model
2022-02-19 12:48:00,457:INFO:Linear Discriminant Analysis Imported succesfully
2022-02-19 12:48:00,478:INFO:Starting cross validation
2022-02-19 12:48:00,479:INFO:Cross validating with StratifiedKFold(n_splits=10, random_state=None, shuffle=False), n_jobs=-1
2022-02-19 12:48:00,546:INFO:Calculating mean and std
2022-02-19 12:48:00,547:INFO:Creating metrics dataframe
2022-02-19 12:48:00,558:INFO:Finalizing model
2022-02-19 12:48:00,571:INFO:Uploading results into container
2022-02-19 12:48:00,572:INFO:Uploading model into container now
2022-02-19 12:48:00,572:INFO:create_model_container: 21
2022-02-19 12:48:00,572:INFO:master_model_container: 21
2022-02-19 12:48:00,572:INFO:display_container: 7
2022-02-19 12:48:00,572:INFO:LinearDiscriminantAnalysis(n_components=None, priors=None, shrinkage='auto',
                           solver='lsqr', store_covariance=False, tol=0.0001)
2022-02-19 12:48:00,572:INFO:create_model() succesfully completed......................................
2022-02-19 12:48:00,647:INFO:SubProcess create_model() end ==================================
2022-02-19 12:48:00,661:INFO:create_model_container: 21
2022-02-19 12:48:00,661:INFO:master_model_container: 21
2022-02-19 12:48:00,661:INFO:display_container: 7
2022-02-19 12:48:00,661:INFO:LinearDiscriminantAnalysis(n_components=None, priors=None, shrinkage='auto',
                           solver='lsqr', store_covariance=False, tol=0.0001)
2022-02-19 12:48:00,661:INFO:tune_model() succesfully completed......................................
2022-02-19 12:49:04,833:INFO:Initializing predict_model()
2022-02-19 12:49:04,833:INFO:predict_model(estimator=LinearDiscriminantAnalysis(n_components=None, priors=None, shrinkage='auto',
                           solver='lsqr', store_covariance=False, tol=0.0001), probability_threshold=None, encoded_labels=False, drift_report=False, raw_score=False, round=4, verbose=True, ml_usecase=MLUsecase.CLASSIFICATION, display=None)
2022-02-19 12:49:04,834:INFO:Checking exceptions
2022-02-19 12:49:04,834:INFO:Preloading libraries
2022-02-19 12:49:04,834:INFO:Preparing display monitor
2022-02-19 12:50:56,495:INFO:Initializing tune_model()
2022-02-19 12:50:56,495:INFO:tune_model(estimator=LinearDiscriminantAnalysis(n_components=None, priors=None, shrinkage=None,
                           solver='svd', store_covariance=False, tol=0.0001), fold=None, round=4, n_iter=10, custom_grid=None, optimize=Accuracy, custom_scorer=None, search_library=scikit-learn, search_algorithm=None, early_stopping=False, early_stopping_max_iters=10, choose_better=False, fit_kwargs=None, groups=None, return_tuner=False, verbose=True, tuner_verbose=True, display=None, kwargs={})
2022-02-19 12:50:56,495:INFO:Checking exceptions
2022-02-19 12:50:56,497:INFO:Preparing display monitor
2022-02-19 12:50:56,518:INFO:Copying training dataset
2022-02-19 12:50:56,519:INFO:Checking base model
2022-02-19 12:50:56,520:INFO:Base model : Linear Discriminant Analysis
2022-02-19 12:50:56,533:INFO:Declaring metric variables
2022-02-19 12:50:56,545:INFO:Defining Hyperparameters
2022-02-19 12:50:56,633:INFO:Tuning with n_jobs=-1
2022-02-19 12:50:56,633:INFO:Initializing RandomizedSearchCV
2022-02-19 12:50:56,978:INFO:best_params: {'actual_estimator__solver': 'lsqr', 'actual_estimator__shrinkage': 'auto'}
2022-02-19 12:50:56,979:INFO:Hyperparameter search completed
2022-02-19 12:50:56,979:INFO:SubProcess create_model() called ==================================
2022-02-19 12:50:56,979:INFO:Initializing create_model()
2022-02-19 12:50:56,980:INFO:create_model(estimator=LinearDiscriminantAnalysis(n_components=None, priors=None, shrinkage=None,
                           solver='svd', store_covariance=False, tol=0.0001), fold=StratifiedKFold(n_splits=10, random_state=None, shuffle=False), round=4, cross_validation=True, predict=True, fit_kwargs={}, groups=None, refit=True, verbose=True, system=False, metrics=None, add_to_model_list=True, probability_threshold=None, display=<pycaret.internal.Display.Display object at 0x0000022F0AACD160>, kwargs={'solver': 'lsqr', 'shrinkage': 'auto'})
2022-02-19 12:50:56,980:INFO:Checking exceptions
2022-02-19 12:50:56,980:INFO:Importing libraries
2022-02-19 12:50:56,980:INFO:Copying training dataset
2022-02-19 12:50:56,981:INFO:Defining folds
2022-02-19 12:50:56,981:INFO:Declaring metric variables
2022-02-19 12:50:56,992:INFO:Importing untrained model
2022-02-19 12:50:56,992:INFO:Declaring custom model
2022-02-19 12:50:57,002:INFO:Linear Discriminant Analysis Imported succesfully
2022-02-19 12:50:57,023:INFO:Starting cross validation
2022-02-19 12:50:57,023:INFO:Cross validating with StratifiedKFold(n_splits=10, random_state=None, shuffle=False), n_jobs=-1
2022-02-19 12:50:57,099:INFO:Calculating mean and std
2022-02-19 12:50:57,101:INFO:Creating metrics dataframe
2022-02-19 12:50:57,110:INFO:Finalizing model
2022-02-19 12:50:57,119:INFO:Uploading results into container
2022-02-19 12:50:57,120:INFO:Uploading model into container now
2022-02-19 12:50:57,120:INFO:create_model_container: 22
2022-02-19 12:50:57,120:INFO:master_model_container: 22
2022-02-19 12:50:57,120:INFO:display_container: 9
2022-02-19 12:50:57,120:INFO:LinearDiscriminantAnalysis(n_components=None, priors=None, shrinkage='auto',
                           solver='lsqr', store_covariance=False, tol=0.0001)
2022-02-19 12:50:57,120:INFO:create_model() succesfully completed......................................
2022-02-19 12:50:57,191:INFO:SubProcess create_model() end ==================================
2022-02-19 12:50:57,204:INFO:create_model_container: 22
2022-02-19 12:50:57,204:INFO:master_model_container: 22
2022-02-19 12:50:57,204:INFO:display_container: 9
2022-02-19 12:50:57,205:INFO:LinearDiscriminantAnalysis(n_components=None, priors=None, shrinkage='auto',
                           solver='lsqr', store_covariance=False, tol=0.0001)
2022-02-19 12:50:57,205:INFO:tune_model() succesfully completed......................................
2022-02-19 12:51:02,014:INFO:Initializing predict_model()
2022-02-19 12:51:02,014:INFO:predict_model(estimator=LinearDiscriminantAnalysis(n_components=None, priors=None, shrinkage='auto',
                           solver='lsqr', store_covariance=False, tol=0.0001), probability_threshold=None, encoded_labels=False, drift_report=False, raw_score=False, round=4, verbose=True, ml_usecase=MLUsecase.CLASSIFICATION, display=None)
2022-02-19 12:51:02,014:INFO:Checking exceptions
2022-02-19 12:51:02,015:INFO:Preloading libraries
2022-02-19 12:51:02,015:INFO:Preparing display monitor
2022-02-19 12:51:06,137:INFO:Initializing finalize_model()
2022-02-19 12:51:06,137:INFO:finalize_model(estimator=LinearDiscriminantAnalysis(n_components=None, priors=None, shrinkage='auto',
                           solver='lsqr', store_covariance=False, tol=0.0001), fit_kwargs=None, groups=None, model_only=True, display=None)
2022-02-19 12:51:06,138:INFO:Finalizing LinearDiscriminantAnalysis(n_components=None, priors=None, shrinkage='auto',
                           solver='lsqr', store_covariance=False, tol=0.0001)
2022-02-19 12:51:06,138:INFO:Initializing create_model()
2022-02-19 12:51:06,138:INFO:create_model(estimator=LinearDiscriminantAnalysis(n_components=None, priors=None, shrinkage='auto',
                           solver='lsqr', store_covariance=False, tol=0.0001), fold=None, round=4, cross_validation=True, predict=True, fit_kwargs={}, groups=None, refit=True, verbose=False, system=False, metrics=None, add_to_model_list=False, probability_threshold=None, display=None, kwargs={})
2022-02-19 12:51:06,138:INFO:Checking exceptions
2022-02-19 12:51:06,138:INFO:Importing libraries
2022-02-19 12:51:06,138:INFO:Copying training dataset
2022-02-19 12:51:06,139:INFO:Defining folds
2022-02-19 12:51:06,139:INFO:Declaring metric variables
2022-02-19 12:51:06,139:INFO:Importing untrained model
2022-02-19 12:51:06,139:INFO:Declaring custom model
2022-02-19 12:51:06,140:INFO:Linear Discriminant Analysis Imported succesfully
2022-02-19 12:51:06,140:INFO:Starting cross validation
2022-02-19 12:51:06,140:INFO:Cross validating with StratifiedKFold(n_splits=10, random_state=None, shuffle=False), n_jobs=-1
2022-02-19 12:51:06,225:INFO:Calculating mean and std
2022-02-19 12:51:06,226:INFO:Creating metrics dataframe
2022-02-19 12:51:06,230:INFO:Finalizing model
2022-02-19 12:51:06,243:INFO:create_model_container: 22
2022-02-19 12:51:06,243:INFO:master_model_container: 22
2022-02-19 12:51:06,243:INFO:display_container: 11
2022-02-19 12:51:06,243:INFO:LinearDiscriminantAnalysis(n_components=None, priors=None, shrinkage='auto',
                           solver='lsqr', store_covariance=False, tol=0.0001)
2022-02-19 12:51:06,243:INFO:create_model() succesfully completed......................................
2022-02-19 12:51:06,314:INFO:create_model_container: 22
2022-02-19 12:51:06,315:INFO:master_model_container: 22
2022-02-19 12:51:06,315:INFO:display_container: 10
2022-02-19 12:51:06,315:INFO:LinearDiscriminantAnalysis(n_components=None, priors=None, shrinkage='auto',
                           solver='lsqr', store_covariance=False, tol=0.0001)
2022-02-19 12:51:06,315:INFO:finalize_model() succesfully completed......................................
2022-02-19 12:52:56,395:INFO:Initializing finalize_model()
2022-02-19 12:52:56,395:INFO:finalize_model(estimator=LinearDiscriminantAnalysis(n_components=None, priors=None, shrinkage='auto',
                           solver='lsqr', store_covariance=False, tol=0.0001), fit_kwargs=None, groups=None, model_only=True, display=None)
2022-02-19 12:52:56,396:INFO:Finalizing LinearDiscriminantAnalysis(n_components=None, priors=None, shrinkage='auto',
                           solver='lsqr', store_covariance=False, tol=0.0001)
2022-02-19 12:52:56,396:INFO:Initializing create_model()
2022-02-19 12:52:56,396:INFO:create_model(estimator=LinearDiscriminantAnalysis(n_components=None, priors=None, shrinkage='auto',
                           solver='lsqr', store_covariance=False, tol=0.0001), fold=None, round=4, cross_validation=True, predict=True, fit_kwargs={}, groups=None, refit=True, verbose=False, system=False, metrics=None, add_to_model_list=False, probability_threshold=None, display=None, kwargs={})
2022-02-19 12:52:56,396:INFO:Checking exceptions
2022-02-19 12:52:56,397:INFO:Importing libraries
2022-02-19 12:52:56,397:INFO:Copying training dataset
2022-02-19 12:52:56,398:INFO:Defining folds
2022-02-19 12:52:56,398:INFO:Declaring metric variables
2022-02-19 12:52:56,398:INFO:Importing untrained model
2022-02-19 12:52:56,398:INFO:Declaring custom model
2022-02-19 12:52:56,398:INFO:Linear Discriminant Analysis Imported succesfully
2022-02-19 12:52:56,399:INFO:Starting cross validation
2022-02-19 12:52:56,399:INFO:Cross validating with StratifiedKFold(n_splits=10, random_state=None, shuffle=False), n_jobs=-1
2022-02-19 12:52:56,480:INFO:Calculating mean and std
2022-02-19 12:52:56,480:INFO:Creating metrics dataframe
2022-02-19 12:52:56,484:INFO:Finalizing model
2022-02-19 12:52:56,493:INFO:create_model_container: 22
2022-02-19 12:52:56,493:INFO:master_model_container: 22
2022-02-19 12:52:56,493:INFO:display_container: 11
2022-02-19 12:52:56,495:INFO:LinearDiscriminantAnalysis(n_components=None, priors=None, shrinkage='auto',
                           solver='lsqr', store_covariance=False, tol=0.0001)
2022-02-19 12:52:56,495:INFO:create_model() succesfully completed......................................
2022-02-19 12:52:56,566:INFO:create_model_container: 22
2022-02-19 12:52:56,566:INFO:master_model_container: 22
2022-02-19 12:52:56,566:INFO:display_container: 10
2022-02-19 12:52:56,566:INFO:LinearDiscriminantAnalysis(n_components=None, priors=None, shrinkage='auto',
                           solver='lsqr', store_covariance=False, tol=0.0001)
2022-02-19 12:52:56,567:INFO:finalize_model() succesfully completed......................................
2022-02-19 12:53:16,017:INFO:Initializing predict_model()
2022-02-19 12:53:16,017:INFO:predict_model(estimator=LinearDiscriminantAnalysis(n_components=None, priors=None, shrinkage='auto',
                           solver='lsqr', store_covariance=False, tol=0.0001), probability_threshold=None, encoded_labels=False, drift_report=False, raw_score=False, round=4, verbose=True, ml_usecase=MLUsecase.CLASSIFICATION, display=None)
2022-02-19 12:53:16,017:INFO:Checking exceptions
2022-02-19 12:53:16,017:INFO:Preloading libraries
2022-02-19 12:53:16,017:INFO:Preparing display monitor
